<?xml version='1.0' encoding='UTF-8'?>
<testsuite hostname="PSEG55K9VF2" name="kmeans.KMeansSuite" tests="5" errors="0" failures="0" skipped="0" time="0.111">
                     <properties>
[...]
</properties>
                     <testcase classname="kmeans.KMeansSuite" name="'classify should work for empty 'points' and empty 'means'" time="0.026">
                                                 
                                               </testcase><testcase classname="kmeans.KMeansSuite" name="'classify' should work for empty 'points' and 'means' == GenSeq(Point(1,1,1))" time="0.002">
                                                 
                                               </testcase><testcase classname="kmeans.KMeansSuite" name="'classify' should work for 'points' == GenSeq((1, 1, 0), (1, -1, 0), (-1, 1, 0), (-1, -1, 0)) and 'means' == GenSeq((0, 0, 0))" time="0.001">
                                                 
                                               </testcase><testcase classname="kmeans.KMeansSuite" name="'classify' should work for 'points' == GenSeq((1, 1, 0), (1, -1, 0), (-1, 1, 0), (-1, -1, 0)) and 'means' == GenSeq((1, 0, 0), (-1, 0, 0))" time="0.0">
                                                 
                                               </testcase><testcase classname="kmeans.KMeansSuite" name="'classify with data parallelism should work for empty 'points' and empty 'means'" time="0.082">
                                                 
                                               </testcase>
                     <system-out></system-out>
                     <system-err></system-err>
                   </testsuite>